[INFO] Scanning for projects...
[INFO] 
[INFO] -------------< com.example:hospital-optimization-backend >--------------
[INFO] Building hospital-optimization-backend 0.0.1-SNAPSHOT
[INFO]   from pom.xml
[INFO] --------------------------------[ jar ]---------------------------------
[INFO] 
[INFO] >>> spring-boot:4.0.3:run (default-cli) > test-compile @ hospital-optimization-backend >>>
[INFO] 
[INFO] --- resources:3.3.1:resources (default-resources) @ hospital-optimization-backend ---
[INFO] Copying 1 resource from src/main/resources to target/classes
[INFO] Copying 0 resource from src/main/resources to target/classes
[INFO] 
[INFO] --- compiler:3.14.1:compile (default-compile) @ hospital-optimization-backend ---
[INFO] Nothing to compile - all classes are up to date.
[INFO] 
[INFO] --- resources:3.3.1:testResources (default-testResources) @ hospital-optimization-backend ---
[INFO] skip non existing resourceDirectory /home/nihal/Documents/COLLEGE_STUFF/DAA_CP/hospital-optimization-backend/src/test/resources
[INFO] 
[INFO] --- compiler:3.14.1:testCompile (default-testCompile) @ hospital-optimization-backend ---
[INFO] Nothing to compile - all classes are up to date.
[INFO] 
[INFO] <<< spring-boot:4.0.3:run (default-cli) < test-compile @ hospital-optimization-backend <<<
[INFO] 
[INFO] 
[INFO] --- spring-boot:4.0.3:run (default-cli) @ hospital-optimization-backend ---
[INFO] Attaching agents: []

  .   ____          _            __ _ _
 /\\ / ___'_ __ _ _(_)_ __  __ _ \ \ \ \
( ( )\___ | '_ | '_| | '_ \/ _` | \ \ \ \
 \\/  ___)| |_)| | | | | || (_| |  ) ) ) )
  '  |____| .__|_| |_|_| |_\__, | / / / /
 =========|_|==============|___/=/_/_/_/

 :: Spring Boot ::                (v4.0.3)

2026-03-09T11:05:24.423+05:30  INFO 5430 --- [hospital-optimization-backend] [  restartedMain] h.HospitalOptimizationBackendApplication : Starting HospitalOptimizationBackendApplication using Java 21.0.10 with PID 5430 (/home/nihal/Documents/COLLEGE_STUFF/DAA_CP/hospital-optimization-backend/target/classes started by nihal in /home/nihal/Documents/COLLEGE_STUFF/DAA_CP/hospital-optimization-backend)
2026-03-09T11:05:24.427+05:30  INFO 5430 --- [hospital-optimization-backend] [  restartedMain] h.HospitalOptimizationBackendApplication : No active profile set, falling back to 1 default profile: "default"
2026-03-09T11:05:24.490+05:30  INFO 5430 --- [hospital-optimization-backend] [  restartedMain] .e.DevToolsPropertyDefaultsPostProcessor : Devtools property defaults active! Set 'spring.devtools.add-properties' to 'false' to disable
2026-03-09T11:05:24.490+05:30  INFO 5430 --- [hospital-optimization-backend] [  restartedMain] .e.DevToolsPropertyDefaultsPostProcessor : For additional web related logging consider setting the 'logging.level.web' property to 'DEBUG'
2026-03-09T11:05:25.432+05:30  INFO 5430 --- [hospital-optimization-backend] [  restartedMain] o.s.boot.tomcat.TomcatWebServer          : Tomcat initialized with port 8080 (http)
2026-03-09T11:05:25.452+05:30  INFO 5430 --- [hospital-optimization-backend] [  restartedMain] o.apache.catalina.core.StandardService   : Starting service [Tomcat]
2026-03-09T11:05:25.452+05:30  INFO 5430 --- [hospital-optimization-backend] [  restartedMain] o.apache.catalina.core.StandardEngine    : Starting Servlet engine: [Apache Tomcat/11.0.18]
2026-03-09T11:05:25.490+05:30  INFO 5430 --- [hospital-optimization-backend] [  restartedMain] b.w.c.s.WebApplicationContextInitializer : Root WebApplicationContext: initialization completed in 998 ms
2026-03-09T11:05:25.932+05:30  INFO 5430 --- [hospital-optimization-backend] [  restartedMain] o.s.boot.tomcat.TomcatWebServer          : Tomcat started on port 8080 (http) with context path '/'
2026-03-09T11:05:25.940+05:30  INFO 5430 --- [hospital-optimization-backend] [  restartedMain] h.HospitalOptimizationBackendApplication : Started HospitalOptimizationBackendApplication in 2.06 seconds (process running for 2.631)
2026-03-09T11:06:48.320+05:30  INFO 5430 --- [hospital-optimization-backend] [nio-8080-exec-1] o.a.c.c.C.[Tomcat].[localhost].[/]       : Initializing Spring DispatcherServlet 'dispatcherServlet'
2026-03-09T11:06:48.321+05:30  INFO 5430 --- [hospital-optimization-backend] [nio-8080-exec-1] o.s.web.servlet.DispatcherServlet        : Initializing Servlet 'dispatcherServlet'
2026-03-09T11:06:48.324+05:30  INFO 5430 --- [hospital-optimization-backend] [nio-8080-exec-1] o.s.web.servlet.DispatcherServlet        : Completed initialization in 1 ms
